The system is: Windows - 10.0.19045 - AMD64
Compiling the C compiler identification source file "CMakeCCompilerId.c" succeeded.
Compiler: C:/msys64/mingw64/bin/cc.exe 
Build flags: 
Id flags:  

The output was:
0


Compilation of the C compiler identification source "CMakeCCompilerId.c" produced "a.exe"

The C compiler identification is GNU, found in "D:/Personal Projects/Parser-Table-Generator/build/CMakeFiles/3.23.1/CompilerIdC/a.exe"

Compiling the CXX compiler identification source file "CMakeCXXCompilerId.cpp" succeeded.
Compiler: C:/msys64/mingw64/bin/c++.exe 
Build flags: 
Id flags:  

The output was:
0


Compilation of the CXX compiler identification source "CMakeCXXCompilerId.cpp" produced "a.exe"

The CXX compiler identification is GNU, found in "D:/Personal Projects/Parser-Table-Generator/build/CMakeFiles/3.23.1/CompilerIdCXX/a.exe"

Determining if the C compiler works passed with the following output:
Change Dir: D:/Personal Projects/Parser-Table-Generator/build/CMakeFiles/CMakeTmp

Run Build Command(s):C:/Projects/ninja/ninja.exe cmTC_349df && [1/2] Building C object CMakeFiles/cmTC_349df.dir/testCCompiler.c.obj
[2/2] Linking C executable cmTC_349df.exe



Determining if the CXX compiler works passed with the following output:
Change Dir: D:/Personal Projects/Parser-Table-Generator/build/CMakeFiles/CMakeTmp

Run Build Command(s):C:/Projects/ninja/ninja.exe cmTC_26e4a && [1/2] Building CXX object CMakeFiles/cmTC_26e4a.dir/testCXXCompiler.cxx.obj
[2/2] Linking CXX executable cmTC_26e4a.exe



